INFO:app.training.improvement_optimizer:[ImprovementOptimizer] Loaded state from /Users/armand/Development/RingRift/ai-service/logs/improvement_optimizer_state.json
INFO:__main__:[ImprovementOptimizer] Priority boost: +0.05 → mcts_simulations 800 → 880
INFO:app.coordination.cross_process_events:[CrossProcessEventPoller] Resuming from event_id 54769
INFO:app.training.feedback_accelerator:[FeedbackAccelerator] Subscribed to EVALUATION_COMPLETED events
INFO:app.training.feedback_accelerator:[FeedbackAccelerator] Subscribed to HYPERPARAMETER_UPDATED events (Phase 5)
INFO:app.training.feedback_accelerator:FeedbackAccelerator initialized
INFO:__main__:============================================================
INFO:__main__:Unified Selfplay
INFO:__main__:============================================================
INFO:__main__:Board: square19
INFO:__main__:Players: 3
INFO:__main__:Games: 500
INFO:__main__:Engine: heuristic-only
INFO:__main__:MCTS sims: 880
INFO:__main__:Priority boost: +0.05
INFO:__main__:Output: data/games
INFO:__main__:Database: data/games/square19_3p.db
INFO:__main__:============================================================
INFO:__main__:Using HeuristicSelfplayRunner for heuristic-only
INFO:app.training.selfplay_runner:SelfplayRunner starting: square19_3p
INFO:app.training.selfplay_runner:  Engine: heuristic-only
INFO:app.training.selfplay_runner:  [Adaptive] Selfplay rate adjusted for square19_3p: 500 -> 525 games (1.05x)
INFO:app.training.selfplay_runner:  Target games: 525
INFO:app.training.selfplay_runner:  Database: data/games/square19_3p.db
INFO:app.distributed.cluster_manifest:ClusterManifest initialized: node=MacBook-Pro-5.local, db=/Users/armand/Development/RingRift/ai-service/data/cluster_manifest.db
INFO:app.distributed.cluster_manifest:[ClusterManifest] Subscribed to real-time events (NEW_GAMES_AVAILABLE, GAMES_UPLOADED_TO_S3, GAMES_UPLOADED_TO_OWC, BACKUP_COMPLETED)
INFO:app.training.pfsp_opponent_selector:[PFSP] Subscribed to MODEL_PROMOTED and EVALUATION_COMPLETED events
INFO:app.training.pfsp_opponent_selector:[PFSP] Bootstrapped 59 canonical models as opponents
INFO:app.training.selfplay_runner:[PFSP] Initialized opponent selector (enabled by default)
INFO:app.training.selfplay_runner:[TemperatureScheduler] Initialized with auto-registration (Elo=1500, config=square19_3p)
INFO:app.config.unified_config:Loaded unified config from /Users/armand/Development/RingRift/ai-service/config/unified_loop.yaml
INFO:app.config.unified_config:  Training threshold: 200
INFO:app.config.unified_config:  Elo DB: data/unified_elo.db
INFO:app.coordination.auto_sync_daemon:ClusterManifest initialized: disk usage 86.6%
INFO:app.coordination.auto_sync_daemon:Using default HYBRID strategy
INFO:app.p2p.swim_adapter:swim-p2p loaded successfully (SWIM membership available, TCP+UDP transports)
INFO:app.coordination.auto_sync_daemon:Quality extraction enabled for training data prioritization
INFO:app.coordination.auto_sync_daemon:Circuit breaker enabled for sync fault tolerance
INFO:app.coordination.auto_sync_daemon:AutoSyncDaemon initialized: node=MacBook-Pro-5.local, provider=mac, nfs=False, strategy=hybrid, manifest=True
